Using pre-set license
Built from '2020.3/release' branch; Version is '2020.3.15f2 (6cf78cb77498) revision 7141260'; Using compiler version '192528614'; Build Type 'Release'
OS: 'Windows 10 Home Single Language; OS build 19041.1110; Version 2004; 64bit' Language: 'ru' Physical Memory: 12157 MB
BatchMode: 1, IsHumanControllingUs: 0, StartBugReporterOnCrash: 0, Is64bit: 1, IsPro: 0

 COMMAND LINE ARGUMENTS:
C:\Program Files\Unity\Hub\Editor\2020.3.15f2\Editor\Unity.exe
-adb2
-batchMode
-noUpm
-name
AssetImportWorker3
-projectPath
C:/Project of Unity/Asteroids
-logFile
Logs/AssetImportWorker3.log
-srvPort
55935
Successfully changed project path to: C:/Project of Unity/Asteroids
C:/Project of Unity/Asteroids
Using Asset Import Pipeline V2.
